Build started 9/23/2012 8:36:35 PM.
     1>Project "C:\Users\Chad\Documents\progeny\ProjectProgeny\ProgenyDemo\ProgenyDemo.vcxproj" on node 3 (build target(s)).
     1>PrepareForBuild:
         Creating directory "C:\Users\Chad\Documents\progeny\ProjectProgeny\ProgenyDemo\Build\Release\Intermediate\".
       InitializeBuildStatus:
         Creating "C:\Users\Chad\Documents\progeny\ProjectProgeny\ProgenyDemo\Build\Release\Intermediate\ProgenyDemo.unsuccessfulbuild" because "AlwaysCreate" was specified.
       ClCompile:
         C:\Program Files (x86)\Microsoft Visual Studio 10.0\VC\bin\CL.exe /c /IC:\Users\Chad\Documents\progeny\ProjectProgeny\ProgenyDemo\Include\ /IC:\Users\Chad\Documents\progeny\ProjectProgeny\Progeny\Include\ /IC:\Users\Chad\Documents\progeny\ProjectProgeny\..\Horizon\Include\ /IC:\Users\Chad\Documents\progeny\ProjectProgeny\..\Horizon\Extern\ZLib /IC:\Users\Chad\Documents\progeny\ProjectProgeny\..\Horizon\Extern\DirectX\Include /I"C:\Users\Chad\Documents\progeny\ProjectProgeny\..\Horizon\Extern\freetype-2.3.9\include" /IC:\Users\Chad\Documents\progeny\ProjectProgeny\..\Horizon\Extern\OpenSSL /IC:\Users\Chad\Documents\progeny\ProjectProgeny\..\Horizon\Extern\FreeImage\Include /I"C:\Users\Chad\Documents\progeny\ProjectProgeny\..\Horizon\Extern\tre-0.8.0\lib" /IC:\Users\Chad\Documents\progeny\ProjectProgeny\..\Horizon\Extern\OpenAL\Include /IC:\Users\Chad\Documents\progeny\ProjectProgeny\..\Horizon\Extern\HawkVoiceDI\src /IC:\Users\Chad\Documents\progeny\ProjectProgeny\..\Horizon\Extern\Vorbis\Include /IC:\Users\Chad\Documents\progeny\ProjectProgeny\..\LibNoise\Include /IC:\Users\Chad\Documents\progeny\ProjectProgeny\MetricTools\Include /Zi /nologo /W3 /WX- /O2 /Oi /Oy- /GL /D _UNICODE /D UNICODE /Gm- /EHsc /MT /GS /Gy /fp:precise /Zc:wchar_t /Zc:forScope /Fo"C:\Users\Chad\Documents\progeny\ProjectProgeny\ProgenyDemo\Build\Release\Intermediate\\" /Fd"C:\Users\Chad\Documents\progeny\ProjectProgeny\ProgenyDemo\Build\Release\Intermediate\vc100.pdb" /Gd /TP /wd4244 /wd4005 /analyze- /errorReport:prompt Source\CameraSystem.cpp Source\DemoTypes.cpp Source\ExtendedCamera.cpp Source\FreelookCameraSystem.cpp Source\HorizonPgRenderer.cpp Source\Input.cpp Source\OrbitalCameraSystem.cpp Source\ProgenyDemo.cpp Source\SkyBox.cpp Source\View.cpp
         CameraSystem.cpp
         DemoTypes.cpp
         ExtendedCamera.cpp
         FreelookCameraSystem.cpp
     1>Source\FreelookCameraSystem.cpp(7): warning C4305: 'initializing' : truncation from 'double' to 'const float'
     1>Source\FreelookCameraSystem.cpp(148): warning C4482: nonstandard extension used: enum 'CameraSystemTypes' used in qualified name
         HorizonPgRenderer.cpp
         Input.cpp
         OrbitalCameraSystem.cpp
     1>Source\OrbitalCameraSystem.cpp(110): warning C4482: nonstandard extension used: enum 'CameraSystemTypes' used in qualified name
         ProgenyDemo.cpp
         SkyBox.cpp
         View.cpp
     1>Source\View.cpp(1227): warning C4018: '<' : signed/unsigned mismatch
     1>Source\View.cpp(1475): warning C4800: 'INT32' : forcing value to bool 'true' or 'false' (performance warning)
       Link:
         C:\Program Files (x86)\Microsoft Visual Studio 10.0\VC\bin\link.exe /ERRORREPORT:PROMPT /OUT:"C:\Users\Chad\Documents\progeny\ProjectProgeny\ProgenyDemo\Build\Release\ProgenyDemoRelease.exe" /NOLOGO /LIBPATH:C:\Users\Chad\Documents\progeny\ProjectProgeny\\..\Horizon\Build\Win32\Library\Release /LIBPATH:C:\Users\Chad\Documents\progeny\ProjectProgeny\\..\Horizon\Extern\ZLib /LIBPATH:"C:\Users\Chad\Documents\progeny\ProjectProgeny\\..\Horizon\Extern\tre-0.8.0\lib" /LIBPATH:C:\Users\Chad\Documents\progeny\ProjectProgeny\\..\Horizon\Extern\OpenSSL /LIBPATH:C:\Users\Chad\Documents\progeny\ProjectProgeny\\..\Horizon\Extern\DirectX\Lib\Win32 /LIBPATH:C:\Users\Chad\Documents\progeny\ProjectProgeny\\..\Horizon\Extern\FreeImage\Lib /LIBPATH:C:\Users\Chad\Documents\progeny\ProjectProgeny\Progeny\Build\Release /LIBPATH:C:\Users\Chad\Documents\progeny\ProjectProgeny\\..\LibNoise\win32\Release /LIBPATH:C:\Users\Chad\Documents\progeny\ProjectProgeny\MetricTools\Build\Release\ HorizonRelease.lib ProgenyRelease.lib zlib.lib tre.lib psapi.lib libeay32.lib d3dx9.lib FreeImage.lib dxguid.lib d3d9.lib dinput8.lib user32.lib libnoise.lib /MANIFEST /ManifestFile:"C:\Users\Chad\Documents\progeny\ProjectProgeny\ProgenyDemo\Build\Release\Intermediate\ProgenyDemoRelease.exe.intermediate.manifest" /MANIFESTUAC:"level='asInvoker' uiAccess='false'" /DEBUG /PDB:"C:\Users\Chad\Documents\progeny\ProjectProgeny\ProgenyDemo\Build\Release\ProgenyDemoRelease.pdb" /OPT:REF /OPT:ICF /LTCG /TLBID:1 /DYNAMICBASE /NXCOMPAT /IMPLIB:"C:\Users\Chad\Documents\progeny\ProjectProgeny\ProgenyDemo\Build\Release\ProgenyDemoRelease.lib" /MACHINE:X86 C:\Users\Chad\Documents\progeny\ProjectProgeny\ProgenyDemo\Build\Release\Intermediate\CameraSystem.obj
         C:\Users\Chad\Documents\progeny\ProjectProgeny\ProgenyDemo\Build\Release\Intermediate\DemoTypes.obj
         C:\Users\Chad\Documents\progeny\ProjectProgeny\ProgenyDemo\Build\Release\Intermediate\ExtendedCamera.obj
         C:\Users\Chad\Documents\progeny\ProjectProgeny\ProgenyDemo\Build\Release\Intermediate\FreelookCameraSystem.obj
         C:\Users\Chad\Documents\progeny\ProjectProgeny\ProgenyDemo\Build\Release\Intermediate\HorizonPgRenderer.obj
         C:\Users\Chad\Documents\progeny\ProjectProgeny\ProgenyDemo\Build\Release\Intermediate\Input.obj
         C:\Users\Chad\Documents\progeny\ProjectProgeny\ProgenyDemo\Build\Release\Intermediate\OrbitalCameraSystem.obj
         C:\Users\Chad\Documents\progeny\ProjectProgeny\ProgenyDemo\Build\Release\Intermediate\ProgenyDemo.obj
         C:\Users\Chad\Documents\progeny\ProjectProgeny\ProgenyDemo\Build\Release\Intermediate\SkyBox.obj
         C:\Users\Chad\Documents\progeny\ProjectProgeny\ProgenyDemo\Build\Release\Intermediate\View.obj
         Generating code
         Finished generating code
     1>HorizonRelease.lib(Camera.obj) : warning LNK4099: PDB 'vc100.pdb' was not found with 'HorizonRelease.lib(Camera.obj)' or at 'C:\Users\Chad\Documents\progeny\ProjectProgeny\ProgenyDemo\Build\Release\vc100.pdb'; linking object as if no debug info
     1>HorizonRelease.lib(MathTypes.obj) : warning LNK4099: PDB 'vc100.pdb' was not found with 'HorizonRelease.lib(MathTypes.obj)' or at 'C:\Users\Chad\Documents\progeny\ProjectProgeny\ProgenyDemo\Build\Release\vc100.pdb'; linking object as if no debug info
     1>HorizonRelease.lib(Graphics.obj) : warning LNK4099: PDB 'vc100.pdb' was not found with 'HorizonRelease.lib(Graphics.obj)' or at 'C:\Users\Chad\Documents\progeny\ProjectProgeny\ProgenyDemo\Build\Release\vc100.pdb'; linking object as if no debug info
     1>HorizonRelease.lib(System.obj) : warning LNK4099: PDB 'vc100.pdb' was not found with 'HorizonRelease.lib(System.obj)' or at 'C:\Users\Chad\Documents\progeny\ProjectProgeny\ProgenyDemo\Build\Release\vc100.pdb'; linking object as if no debug info
     1>HorizonRelease.lib(Interface.obj) : warning LNK4099: PDB 'vc100.pdb' was not found with 'HorizonRelease.lib(Interface.obj)' or at 'C:\Users\Chad\Documents\progeny\ProjectProgeny\ProgenyDemo\Build\Release\vc100.pdb'; linking object as if no debug info
     1>HorizonRelease.lib(Input.obj) : warning LNK4099: PDB 'vc100.pdb' was not found with 'HorizonRelease.lib(Input.obj)' or at 'C:\Users\Chad\Documents\progeny\ProjectProgeny\ProgenyDemo\Build\Release\vc100.pdb'; linking object as if no debug info
     1>HorizonRelease.lib(GamePointer.obj) : warning LNK4099: PDB 'vc100.pdb' was not found with 'HorizonRelease.lib(GamePointer.obj)' or at 'C:\Users\Chad\Documents\progeny\ProjectProgeny\ProgenyDemo\Build\Release\vc100.pdb'; linking object as if no debug info
     1>HorizonRelease.lib(GameController.obj) : warning LNK4099: PDB 'vc100.pdb' was not found with 'HorizonRelease.lib(GameController.obj)' or at 'C:\Users\Chad\Documents\progeny\ProjectProgeny\ProgenyDemo\Build\Release\vc100.pdb'; linking object as if no debug info
     1>HorizonRelease.lib(SystemClock.obj) : warning LNK4099: PDB 'vc100.pdb' was not found with 'HorizonRelease.lib(SystemClock.obj)' or at 'C:\Users\Chad\Documents\progeny\ProjectProgeny\ProgenyDemo\Build\Release\vc100.pdb'; linking object as if no debug info
     1>HorizonRelease.lib(TextDevice.obj) : warning LNK4099: PDB 'vc100.pdb' was not found with 'HorizonRelease.lib(TextDevice.obj)' or at 'C:\Users\Chad\Documents\progeny\ProjectProgeny\ProgenyDemo\Build\Release\vc100.pdb'; linking object as if no debug info
     1>HorizonRelease.lib(GraphicsTypes.obj) : warning LNK4099: PDB 'vc100.pdb' was not found with 'HorizonRelease.lib(GraphicsTypes.obj)' or at 'C:\Users\Chad\Documents\progeny\ProjectProgeny\ProgenyDemo\Build\Release\vc100.pdb'; linking object as if no debug info
     1>HorizonRelease.lib(Texture.obj) : warning LNK4099: PDB 'vc100.pdb' was not found with 'HorizonRelease.lib(Texture.obj)' or at 'C:\Users\Chad\Documents\progeny\ProjectProgeny\ProgenyDemo\Build\Release\vc100.pdb'; linking object as if no debug info
     1>HorizonRelease.lib(Slider.obj) : warning LNK4099: PDB 'vc100.pdb' was not found with 'HorizonRelease.lib(Slider.obj)' or at 'C:\Users\Chad\Documents\progeny\ProjectProgeny\ProgenyDemo\Build\Release\vc100.pdb'; linking object as if no debug info
     1>HorizonRelease.lib(Frame.obj) : warning LNK4099: PDB 'vc100.pdb' was not found with 'HorizonRelease.lib(Frame.obj)' or at 'C:\Users\Chad\Documents\progeny\ProjectProgeny\ProgenyDemo\Build\Release\vc100.pdb'; linking object as if no debug info
     1>HorizonRelease.lib(ListBox.obj) : warning LNK4099: PDB 'vc100.pdb' was not found with 'HorizonRelease.lib(ListBox.obj)' or at 'C:\Users\Chad\Documents\progeny\ProjectProgeny\ProgenyDemo\Build\Release\vc100.pdb'; linking object as if no debug info
     1>HorizonRelease.lib(Dialog.obj) : warning LNK4099: PDB 'vc100.pdb' was not found with 'HorizonRelease.lib(Dialog.obj)' or at 'C:\Users\Chad\Documents\progeny\ProjectProgeny\ProgenyDemo\Build\Release\vc100.pdb'; linking object as if no debug info
     1>HorizonRelease.lib(CheckBox.obj) : warning LNK4099: PDB 'vc100.pdb' was not found with 'HorizonRelease.lib(CheckBox.obj)' or at 'C:\Users\Chad\Documents\progeny\ProjectProgeny\ProgenyDemo\Build\Release\vc100.pdb'; linking object as if no debug info
     1>HorizonRelease.lib(Light.obj) : warning LNK4099: PDB 'vc100.pdb' was not found with 'HorizonRelease.lib(Light.obj)' or at 'C:\Users\Chad\Documents\progeny\ProjectProgeny\ProgenyDemo\Build\Release\vc100.pdb'; linking object as if no debug info
     1>HorizonRelease.lib(InterfaceFactory.obj) : warning LNK4099: PDB 'vc100.pdb' was not found with 'HorizonRelease.lib(InterfaceFactory.obj)' or at 'C:\Users\Chad\Documents\progeny\ProjectProgeny\ProgenyDemo\Build\Release\vc100.pdb'; linking object as if no debug info
     1>HorizonRelease.lib(Button.obj) : warning LNK4099: PDB 'vc100.pdb' was not found with 'HorizonRelease.lib(Button.obj)' or at 'C:\Users\Chad\Documents\progeny\ProjectProgeny\ProgenyDemo\Build\Release\vc100.pdb'; linking object as if no debug info
     1>HorizonRelease.lib(ListElement.obj) : warning LNK4099: PDB 'vc100.pdb' was not found with 'HorizonRelease.lib(ListElement.obj)' or at 'C:\Users\Chad\Documents\progeny\ProjectProgeny\ProgenyDemo\Build\Release\vc100.pdb'; linking object as if no debug info
     1>HorizonRelease.lib(EditableText.obj) : warning LNK4099: PDB 'vc100.pdb' was not found with 'HorizonRelease.lib(EditableText.obj)' or at 'C:\Users\Chad\Documents\progeny\ProjectProgeny\ProgenyDemo\Build\Release\vc100.pdb'; linking object as if no debug info
     1>HorizonRelease.lib(Math.obj) : warning LNK4099: PDB 'vc100.pdb' was not found with 'HorizonRelease.lib(Math.obj)' or at 'C:\Users\Chad\Documents\progeny\ProjectProgeny\ProgenyDemo\Build\Release\vc100.pdb'; linking object as if no debug info
     1>HorizonRelease.lib(RenderState.obj) : warning LNK4099: PDB 'vc100.pdb' was not found with 'HorizonRelease.lib(RenderState.obj)' or at 'C:\Users\Chad\Documents\progeny\ProjectProgeny\ProgenyDemo\Build\Release\vc100.pdb'; linking object as if no debug info
     1>HorizonRelease.lib(Mesh.obj) : warning LNK4099: PDB 'vc100.pdb' was not found with 'HorizonRelease.lib(Mesh.obj)' or at 'C:\Users\Chad\Documents\progeny\ProjectProgeny\ProgenyDemo\Build\Release\vc100.pdb'; linking object as if no debug info
     1>HorizonRelease.lib(ImageFile.obj) : warning LNK4099: PDB 'vc100.pdb' was not found with 'HorizonRelease.lib(ImageFile.obj)' or at 'C:\Users\Chad\Documents\progeny\ProjectProgeny\ProgenyDemo\Build\Release\vc100.pdb'; linking object as if no debug info
     1>HorizonRelease.lib(Resource.obj) : warning LNK4099: PDB 'vc100.pdb' was not found with 'HorizonRelease.lib(Resource.obj)' or at 'C:\Users\Chad\Documents\progeny\ProjectProgeny\ProgenyDemo\Build\Release\vc100.pdb'; linking object as if no debug info
     1>HorizonRelease.lib(Material.obj) : warning LNK4099: PDB 'vc100.pdb' was not found with 'HorizonRelease.lib(Material.obj)' or at 'C:\Users\Chad\Documents\progeny\ProjectProgeny\ProgenyDemo\Build\Release\vc100.pdb'; linking object as if no debug info
     1>HorizonRelease.lib(DXGraphics.obj) : warning LNK4099: PDB 'vc100.pdb' was not found with 'HorizonRelease.lib(DXGraphics.obj)' or at 'C:\Users\Chad\Documents\progeny\ProjectProgeny\ProgenyDemo\Build\Release\vc100.pdb'; linking object as if no debug info
     1>HorizonRelease.lib(MeshFile.obj) : warning LNK4099: PDB 'vc100.pdb' was not found with 'HorizonRelease.lib(MeshFile.obj)' or at 'C:\Users\Chad\Documents\progeny\ProjectProgeny\ProgenyDemo\Build\Release\vc100.pdb'; linking object as if no debug info
     1>HorizonRelease.lib(RenderWindow.obj) : warning LNK4099: PDB 'vc100.pdb' was not found with 'HorizonRelease.lib(RenderWindow.obj)' or at 'C:\Users\Chad\Documents\progeny\ProjectProgeny\ProgenyDemo\Build\Release\vc100.pdb'; linking object as if no debug info
     1>HorizonRelease.lib(md5.obj) : warning LNK4099: PDB 'vc100.pdb' was not found with 'HorizonRelease.lib(md5.obj)' or at 'C:\Users\Chad\Documents\progeny\ProjectProgeny\ProgenyDemo\Build\Release\vc100.pdb'; linking object as if no debug info
     1>HorizonRelease.lib(Log2.obj) : warning LNK4099: PDB 'vc100.pdb' was not found with 'HorizonRelease.lib(Log2.obj)' or at 'C:\Users\Chad\Documents\progeny\ProjectProgeny\ProgenyDemo\Build\Release\vc100.pdb'; linking object as if no debug info
     1>HorizonRelease.lib(InterfacePointer.obj) : warning LNK4099: PDB 'vc100.pdb' was not found with 'HorizonRelease.lib(InterfacePointer.obj)' or at 'C:\Users\Chad\Documents\progeny\ProjectProgeny\ProgenyDemo\Build\Release\vc100.pdb'; linking object as if no debug info
     1>HorizonRelease.lib(DXInput.obj) : warning LNK4099: PDB 'vc100.pdb' was not found with 'HorizonRelease.lib(DXInput.obj)' or at 'C:\Users\Chad\Documents\progeny\ProjectProgeny\ProgenyDemo\Build\Release\vc100.pdb'; linking object as if no debug info
     1>HorizonRelease.lib(PointerDevice.obj) : warning LNK4099: PDB 'vc100.pdb' was not found with 'HorizonRelease.lib(PointerDevice.obj)' or at 'C:\Users\Chad\Documents\progeny\ProjectProgeny\ProgenyDemo\Build\Release\vc100.pdb'; linking object as if no debug info
     1>HorizonRelease.lib(CrashDump.obj) : warning LNK4099: PDB 'vc100.pdb' was not found with 'HorizonRelease.lib(CrashDump.obj)' or at 'C:\Users\Chad\Documents\progeny\ProjectProgeny\ProgenyDemo\Build\Release\vc100.pdb'; linking object as if no debug info
     1>HorizonRelease.lib(Control.obj) : warning LNK4099: PDB 'vc100.pdb' was not found with 'HorizonRelease.lib(Control.obj)' or at 'C:\Users\Chad\Documents\progeny\ProjectProgeny\ProgenyDemo\Build\Release\vc100.pdb'; linking object as if no debug info
     1>HorizonRelease.lib(Scrollbox.obj) : warning LNK4099: PDB 'vc100.pdb' was not found with 'HorizonRelease.lib(Scrollbox.obj)' or at 'C:\Users\Chad\Documents\progeny\ProjectProgeny\ProgenyDemo\Build\Release\vc100.pdb'; linking object as if no debug info
     1>HorizonRelease.lib(InterfaceTypes.obj) : warning LNK4099: PDB 'vc100.pdb' was not found with 'HorizonRelease.lib(InterfaceTypes.obj)' or at 'C:\Users\Chad\Documents\progeny\ProjectProgeny\ProgenyDemo\Build\Release\vc100.pdb'; linking object as if no debug info
     1>HorizonRelease.lib(Window.obj) : warning LNK4099: PDB 'vc100.pdb' was not found with 'HorizonRelease.lib(Window.obj)' or at 'C:\Users\Chad\Documents\progeny\ProjectProgeny\ProgenyDemo\Build\Release\vc100.pdb'; linking object as if no debug info
     1>HorizonRelease.lib(ProgressBar.obj) : warning LNK4099: PDB 'vc100.pdb' was not found with 'HorizonRelease.lib(ProgressBar.obj)' or at 'C:\Users\Chad\Documents\progeny\ProjectProgeny\ProgenyDemo\Build\Release\vc100.pdb'; linking object as if no debug info
     1>HorizonRelease.lib(Scrollbar.obj) : warning LNK4099: PDB 'vc100.pdb' was not found with 'HorizonRelease.lib(Scrollbar.obj)' or at 'C:\Users\Chad\Documents\progeny\ProjectProgeny\ProgenyDemo\Build\Release\vc100.pdb'; linking object as if no debug info
     1>HorizonRelease.lib(StaticImage.obj) : warning LNK4099: PDB 'vc100.pdb' was not found with 'HorizonRelease.lib(StaticImage.obj)' or at 'C:\Users\Chad\Documents\progeny\ProjectProgeny\ProgenyDemo\Build\Release\vc100.pdb'; linking object as if no debug info
     1>HorizonRelease.lib(TitleBar.obj) : warning LNK4099: PDB 'vc100.pdb' was not found with 'HorizonRelease.lib(TitleBar.obj)' or at 'C:\Users\Chad\Documents\progeny\ProjectProgeny\ProgenyDemo\Build\Release\vc100.pdb'; linking object as if no debug info
     1>HorizonRelease.lib(Tray.obj) : warning LNK4099: PDB 'vc100.pdb' was not found with 'HorizonRelease.lib(Tray.obj)' or at 'C:\Users\Chad\Documents\progeny\ProjectProgeny\ProgenyDemo\Build\Release\vc100.pdb'; linking object as if no debug info
     1>HorizonRelease.lib(RadialMenu.obj) : warning LNK4099: PDB 'vc100.pdb' was not found with 'HorizonRelease.lib(RadialMenu.obj)' or at 'C:\Users\Chad\Documents\progeny\ProjectProgeny\ProgenyDemo\Build\Release\vc100.pdb'; linking object as if no debug info
     1>HorizonRelease.lib(GroupBox.obj) : warning LNK4099: PDB 'vc100.pdb' was not found with 'HorizonRelease.lib(GroupBox.obj)' or at 'C:\Users\Chad\Documents\progeny\ProjectProgeny\ProgenyDemo\Build\Release\vc100.pdb'; linking object as if no debug info
     1>HorizonRelease.lib(Popup.obj) : warning LNK4099: PDB 'vc100.pdb' was not found with 'HorizonRelease.lib(Popup.obj)' or at 'C:\Users\Chad\Documents\progeny\ProjectProgeny\ProgenyDemo\Build\Release\vc100.pdb'; linking object as if no debug info
     1>HorizonRelease.lib(RadioButton.obj) : warning LNK4099: PDB 'vc100.pdb' was not found with 'HorizonRelease.lib(RadioButton.obj)' or at 'C:\Users\Chad\Documents\progeny\ProjectProgeny\ProgenyDemo\Build\Release\vc100.pdb'; linking object as if no debug info
     1>HorizonRelease.lib(StaticModel.obj) : warning LNK4099: PDB 'vc100.pdb' was not found with 'HorizonRelease.lib(StaticModel.obj)' or at 'C:\Users\Chad\Documents\progeny\ProjectProgeny\ProgenyDemo\Build\Release\vc100.pdb'; linking object as if no debug info
     1>HorizonRelease.lib(PolygonGraph.obj) : warning LNK4099: PDB 'vc100.pdb' was not found with 'HorizonRelease.lib(PolygonGraph.obj)' or at 'C:\Users\Chad\Documents\progeny\ProjectProgeny\ProgenyDemo\Build\Release\vc100.pdb'; linking object as if no debug info
     1>HorizonRelease.lib(StaticText.obj) : warning LNK4099: PDB 'vc100.pdb' was not found with 'HorizonRelease.lib(StaticText.obj)' or at 'C:\Users\Chad\Documents\progeny\ProjectProgeny\ProgenyDemo\Build\Release\vc100.pdb'; linking object as if no debug info
     1>HorizonRelease.lib(Text.obj) : warning LNK4099: PDB 'vc100.pdb' was not found with 'HorizonRelease.lib(Text.obj)' or at 'C:\Users\Chad\Documents\progeny\ProjectProgeny\ProgenyDemo\Build\Release\vc100.pdb'; linking object as if no debug info
     1>HorizonRelease.lib(Skeleton.obj) : warning LNK4099: PDB 'vc100.pdb' was not found with 'HorizonRelease.lib(Skeleton.obj)' or at 'C:\Users\Chad\Documents\progeny\ProjectProgeny\ProgenyDemo\Build\Release\vc100.pdb'; linking object as if no debug info
     1>HorizonRelease.lib(animation.obj) : warning LNK4099: PDB 'vc100.pdb' was not found with 'HorizonRelease.lib(animation.obj)' or at 'C:\Users\Chad\Documents\progeny\ProjectProgeny\ProgenyDemo\Build\Release\vc100.pdb'; linking object as if no debug info
     1>HorizonRelease.lib(threads.obj) : warning LNK4099: PDB 'vc100.pdb' was not found with 'HorizonRelease.lib(threads.obj)' or at 'C:\Users\Chad\Documents\progeny\ProjectProgeny\ProgenyDemo\Build\Release\vc100.pdb'; linking object as if no debug info
     1>HorizonRelease.lib(cfgparse.obj) : warning LNK4099: PDB 'vc100.pdb' was not found with 'HorizonRelease.lib(cfgparse.obj)' or at 'C:\Users\Chad\Documents\progeny\ProjectProgeny\ProgenyDemo\Build\Release\vc100.pdb'; linking object as if no debug info
     1>HorizonRelease.lib(DXVertexType.obj) : warning LNK4099: PDB 'vc100.pdb' was not found with 'HorizonRelease.lib(DXVertexType.obj)' or at 'C:\Users\Chad\Documents\progeny\ProjectProgeny\ProgenyDemo\Build\Release\vc100.pdb'; linking object as if no debug info
     1>HorizonRelease.lib(DXVertexShader.obj) : warning LNK4099: PDB 'vc100.pdb' was not found with 'HorizonRelease.lib(DXVertexShader.obj)' or at 'C:\Users\Chad\Documents\progeny\ProjectProgeny\ProgenyDemo\Build\Release\vc100.pdb'; linking object as if no debug info
     1>HorizonRelease.lib(VertexType.obj) : warning LNK4099: PDB 'vc100.pdb' was not found with 'HorizonRelease.lib(VertexType.obj)' or at 'C:\Users\Chad\Documents\progeny\ProjectProgeny\ProgenyDemo\Build\Release\vc100.pdb'; linking object as if no debug info
     1>HorizonRelease.lib(DXPixelShader.obj) : warning LNK4099: PDB 'vc100.pdb' was not found with 'HorizonRelease.lib(DXPixelShader.obj)' or at 'C:\Users\Chad\Documents\progeny\ProjectProgeny\ProgenyDemo\Build\Release\vc100.pdb'; linking object as if no debug info
     1>HorizonRelease.lib(GraphicsManager.obj) : warning LNK4099: PDB 'vc100.pdb' was not found with 'HorizonRelease.lib(GraphicsManager.obj)' or at 'C:\Users\Chad\Documents\progeny\ProjectProgeny\ProgenyDemo\Build\Release\vc100.pdb'; linking object as if no debug info
     1>HorizonRelease.lib(DXIndexBuffer.obj) : warning LNK4099: PDB 'vc100.pdb' was not found with 'HorizonRelease.lib(DXIndexBuffer.obj)' or at 'C:\Users\Chad\Documents\progeny\ProjectProgeny\ProgenyDemo\Build\Release\vc100.pdb'; linking object as if no debug info
     1>HorizonRelease.lib(DXGraphicsAdapter.obj) : warning LNK4099: PDB 'vc100.pdb' was not found with 'HorizonRelease.lib(DXGraphicsAdapter.obj)' or at 'C:\Users\Chad\Documents\progeny\ProjectProgeny\ProgenyDemo\Build\Release\vc100.pdb'; linking object as if no debug info
     1>HorizonRelease.lib(DXGraphicsFactory.obj) : warning LNK4099: PDB 'vc100.pdb' was not found with 'HorizonRelease.lib(DXGraphicsFactory.obj)' or at 'C:\Users\Chad\Documents\progeny\ProjectProgeny\ProgenyDemo\Build\Release\vc100.pdb'; linking object as if no debug info
     1>HorizonRelease.lib(DXTexture.obj) : warning LNK4099: PDB 'vc100.pdb' was not found with 'HorizonRelease.lib(DXTexture.obj)' or at 'C:\Users\Chad\Documents\progeny\ProjectProgeny\ProgenyDemo\Build\Release\vc100.pdb'; linking object as if no debug info
     1>HorizonRelease.lib(DXVolumeTexture.obj) : warning LNK4099: PDB 'vc100.pdb' was not found with 'HorizonRelease.lib(DXVolumeTexture.obj)' or at 'C:\Users\Chad\Documents\progeny\ProjectProgeny\ProgenyDemo\Build\Release\vc100.pdb'; linking object as if no debug info
     1>HorizonRelease.lib(DXVertexBuffer.obj) : warning LNK4099: PDB 'vc100.pdb' was not found with 'HorizonRelease.lib(DXVertexBuffer.obj)' or at 'C:\Users\Chad\Documents\progeny\ProjectProgeny\ProgenyDemo\Build\Release\vc100.pdb'; linking object as if no debug info
     1>HorizonRelease.lib(fsapi.obj) : warning LNK4099: PDB 'vc100.pdb' was not found with 'HorizonRelease.lib(fsapi.obj)' or at 'C:\Users\Chad\Documents\progeny\ProjectProgeny\ProgenyDemo\Build\Release\vc100.pdb'; linking object as if no debug info
     1>HorizonRelease.lib(address.obj) : warning LNK4099: PDB 'vc100.pdb' was not found with 'HorizonRelease.lib(address.obj)' or at 'C:\Users\Chad\Documents\progeny\ProjectProgeny\ProgenyDemo\Build\Release\vc100.pdb'; linking object as if no debug info
     1>HorizonRelease.lib(DXPointer.obj) : warning LNK4099: PDB 'vc100.pdb' was not found with 'HorizonRelease.lib(DXPointer.obj)' or at 'C:\Users\Chad\Documents\progeny\ProjectProgeny\ProgenyDemo\Build\Release\vc100.pdb'; linking object as if no debug info
     1>HorizonRelease.lib(DXInputDevice.obj) : warning LNK4099: PDB 'vc100.pdb' was not found with 'HorizonRelease.lib(DXInputDevice.obj)' or at 'C:\Users\Chad\Documents\progeny\ProjectProgeny\ProgenyDemo\Build\Release\vc100.pdb'; linking object as if no debug info
     1>HorizonRelease.lib(DXKeyboard.obj) : warning LNK4099: PDB 'vc100.pdb' was not found with 'HorizonRelease.lib(DXKeyboard.obj)' or at 'C:\Users\Chad\Documents\progeny\ProjectProgeny\ProgenyDemo\Build\Release\vc100.pdb'; linking object as if no debug info
     1>HorizonRelease.lib(DXGamepad.obj) : warning LNK4099: PDB 'vc100.pdb' was not found with 'HorizonRelease.lib(DXGamepad.obj)' or at 'C:\Users\Chad\Documents\progeny\ProjectProgeny\ProgenyDemo\Build\Release\vc100.pdb'; linking object as if no debug info
     1>HorizonRelease.lib(InputDevice.obj) : warning LNK4099: PDB 'vc100.pdb' was not found with 'HorizonRelease.lib(InputDevice.obj)' or at 'C:\Users\Chad\Documents\progeny\ProjectProgeny\ProgenyDemo\Build\Release\vc100.pdb'; linking object as if no debug info
     1>HorizonRelease.lib(Menu.obj) : warning LNK4099: PDB 'vc100.pdb' was not found with 'HorizonRelease.lib(Menu.obj)' or at 'C:\Users\Chad\Documents\progeny\ProjectProgeny\ProgenyDemo\Build\Release\vc100.pdb'; linking object as if no debug info
     1>HorizonRelease.lib(Model.obj) : warning LNK4099: PDB 'vc100.pdb' was not found with 'HorizonRelease.lib(Model.obj)' or at 'C:\Users\Chad\Documents\progeny\ProjectProgeny\ProgenyDemo\Build\Release\vc100.pdb'; linking object as if no debug info
     1>HorizonRelease.lib(util_string.obj) : warning LNK4099: PDB 'vc100.pdb' was not found with 'HorizonRelease.lib(util_string.obj)' or at 'C:\Users\Chad\Documents\progeny\ProjectProgeny\ProgenyDemo\Build\Release\vc100.pdb'; linking object as if no debug info
     1>HorizonRelease.lib(VertexShader.obj) : warning LNK4099: PDB 'vc100.pdb' was not found with 'HorizonRelease.lib(VertexShader.obj)' or at 'C:\Users\Chad\Documents\progeny\ProjectProgeny\ProgenyDemo\Build\Release\vc100.pdb'; linking object as if no debug info
     1>HorizonRelease.lib(PixelShader.obj) : warning LNK4099: PDB 'vc100.pdb' was not found with 'HorizonRelease.lib(PixelShader.obj)' or at 'C:\Users\Chad\Documents\progeny\ProjectProgeny\ProgenyDemo\Build\Release\vc100.pdb'; linking object as if no debug info
     1>HorizonRelease.lib(EMDFile.obj) : warning LNK4099: PDB 'vc100.pdb' was not found with 'HorizonRelease.lib(EMDFile.obj)' or at 'C:\Users\Chad\Documents\progeny\ProjectProgeny\ProgenyDemo\Build\Release\vc100.pdb'; linking object as if no debug info
     1>HorizonRelease.lib(IndexBuffer.obj) : warning LNK4099: PDB 'vc100.pdb' was not found with 'HorizonRelease.lib(IndexBuffer.obj)' or at 'C:\Users\Chad\Documents\progeny\ProjectProgeny\ProgenyDemo\Build\Release\vc100.pdb'; linking object as if no debug info
     1>HorizonRelease.lib(GraphicsAdapter.obj) : warning LNK4099: PDB 'vc100.pdb' was not found with 'HorizonRelease.lib(GraphicsAdapter.obj)' or at 'C:\Users\Chad\Documents\progeny\ProjectProgeny\ProgenyDemo\Build\Release\vc100.pdb'; linking object as if no debug info
     1>HorizonRelease.lib(GraphicsFactory.obj) : warning LNK4099: PDB 'vc100.pdb' was not found with 'HorizonRelease.lib(GraphicsFactory.obj)' or at 'C:\Users\Chad\Documents\progeny\ProjectProgeny\ProgenyDemo\Build\Release\vc100.pdb'; linking object as if no debug info
     1>HorizonRelease.lib(PNGFile.obj) : warning LNK4099: PDB 'vc100.pdb' was not found with 'HorizonRelease.lib(PNGFile.obj)' or at 'C:\Users\Chad\Documents\progeny\ProjectProgeny\ProgenyDemo\Build\Release\vc100.pdb'; linking object as if no debug info
     1>HorizonRelease.lib(VolumeTexture.obj) : warning LNK4099: PDB 'vc100.pdb' was not found with 'HorizonRelease.lib(VolumeTexture.obj)' or at 'C:\Users\Chad\Documents\progeny\ProjectProgeny\ProgenyDemo\Build\Release\vc100.pdb'; linking object as if no debug info
     1>HorizonRelease.lib(VertexBuffer.obj) : warning LNK4099: PDB 'vc100.pdb' was not found with 'HorizonRelease.lib(VertexBuffer.obj)' or at 'C:\Users\Chad\Documents\progeny\ProjectProgeny\ProgenyDemo\Build\Release\vc100.pdb'; linking object as if no debug info
     1>HorizonRelease.lib(aes.obj) : warning LNK4099: PDB 'vc100.pdb' was not found with 'HorizonRelease.lib(aes.obj)' or at 'C:\Users\Chad\Documents\progeny\ProjectProgeny\ProgenyDemo\Build\Release\vc100.pdb'; linking object as if no debug info
     1>HorizonRelease.lib(fsapi_w32.obj) : warning LNK4099: PDB 'vc100.pdb' was not found with 'HorizonRelease.lib(fsapi_w32.obj)' or at 'C:\Users\Chad\Documents\progeny\ProjectProgeny\ProgenyDemo\Build\Release\vc100.pdb'; linking object as if no debug info
     1>HorizonRelease.lib(fscache.obj) : warning LNK4099: PDB 'vc100.pdb' was not found with 'HorizonRelease.lib(fscache.obj)' or at 'C:\Users\Chad\Documents\progeny\ProjectProgeny\ProgenyDemo\Build\Release\vc100.pdb'; linking object as if no debug info
     1>HorizonRelease.lib(KeyboardDevice.obj) : warning LNK4099: PDB 'vc100.pdb' was not found with 'HorizonRelease.lib(KeyboardDevice.obj)' or at 'C:\Users\Chad\Documents\progeny\ProjectProgeny\ProgenyDemo\Build\Release\vc100.pdb'; linking object as if no debug info
     1>HorizonRelease.lib(GamepadDevice.obj) : warning LNK4099: PDB 'vc100.pdb' was not found with 'HorizonRelease.lib(GamepadDevice.obj)' or at 'C:\Users\Chad\Documents\progeny\ProjectProgeny\ProgenyDemo\Build\Release\vc100.pdb'; linking object as if no debug info
     1>HorizonRelease.lib(MS3DFile.obj) : warning LNK4099: PDB 'vc100.pdb' was not found with 'HorizonRelease.lib(MS3DFile.obj)' or at 'C:\Users\Chad\Documents\progeny\ProjectProgeny\ProgenyDemo\Build\Release\vc100.pdb'; linking object as if no debug info
     1>HorizonRelease.lib(ParticleSystem.obj) : warning LNK4099: PDB 'vc100.pdb' was not found with 'HorizonRelease.lib(ParticleSystem.obj)' or at 'C:\Users\Chad\Documents\progeny\ProjectProgeny\ProgenyDemo\Build\Release\vc100.pdb'; linking object as if no debug info
     1>HorizonRelease.lib(Font.obj) : warning LNK4099: PDB 'vc100.pdb' was not found with 'HorizonRelease.lib(Font.obj)' or at 'C:\Users\Chad\Documents\progeny\ProjectProgeny\ProgenyDemo\Build\Release\vc100.pdb'; linking object as if no debug info
     1>HorizonRelease.lib(Sprite.obj) : warning LNK4099: PDB 'vc100.pdb' was not found with 'HorizonRelease.lib(Sprite.obj)' or at 'C:\Users\Chad\Documents\progeny\ProjectProgeny\ProgenyDemo\Build\Release\vc100.pdb'; linking object as if no debug info
     1>HorizonRelease.lib(XFNTFile.obj) : warning LNK4099: PDB 'vc100.pdb' was not found with 'HorizonRelease.lib(XFNTFile.obj)' or at 'C:\Users\Chad\Documents\progeny\ProjectProgeny\ProgenyDemo\Build\Release\vc100.pdb'; linking object as if no debug info
     1>HorizonRelease.lib(Spline.obj) : warning LNK4099: PDB 'vc100.pdb' was not found with 'HorizonRelease.lib(Spline.obj)' or at 'C:\Users\Chad\Documents\progeny\ProjectProgeny\ProgenyDemo\Build\Release\vc100.pdb'; linking object as if no debug info
     1>HorizonRelease.lib(OSMem_w32.obj) : warning LNK4099: PDB 'vc100.pdb' was not found with 'HorizonRelease.lib(OSMem_w32.obj)' or at 'C:\Users\Chad\Documents\progeny\ProjectProgeny\ProgenyDemo\Build\Release\vc100.pdb'; linking object as if no debug info
         ProgenyDemo.vcxproj -> C:\Users\Chad\Documents\progeny\ProjectProgeny\ProgenyDemo\Build\Release\ProgenyDemoRelease.exe
       Manifest:
         C:\Program Files (x86)\Microsoft SDKs\Windows\v7.0A\bin\mt.exe /nologo /verbose /outputresource:"C:\Users\Chad\Documents\progeny\ProjectProgeny\ProgenyDemo\Build\Release\ProgenyDemoRelease.exe;#1" /manifest C:\Users\Chad\Documents\progeny\ProjectProgeny\ProgenyDemo\Build\Release\Intermediate\ProgenyDemoRelease.exe.intermediate.manifest
       PostBuildEvent:
         xcopy "C:\Users\Chad\Documents\progeny\ProjectProgeny\ProgenyDemo\Dependencies\*.*" "C:\Users\Chad\Documents\progeny\ProjectProgeny\ProgenyDemo\Build\Release\." /D/S/E/Y
         :VCEnd
         C:\Users\Chad\Documents\progeny\ProjectProgeny\ProgenyDemo\Dependencies\libnoise.dll
         1 File(s) copied
       FinalizeBuildStatus:
         Deleting file "C:\Users\Chad\Documents\progeny\ProjectProgeny\ProgenyDemo\Build\Release\Intermediate\ProgenyDemo.unsuccessfulbuild".
         Touching "C:\Users\Chad\Documents\progeny\ProjectProgeny\ProgenyDemo\Build\Release\Intermediate\ProgenyDemo.lastbuildstate".
     1>Done Building Project "C:\Users\Chad\Documents\progeny\ProjectProgeny\ProgenyDemo\ProgenyDemo.vcxproj" (build target(s)).

Build succeeded.

Time Elapsed 00:00:34.24
